# JRE version: Java(TM) SE Runtime Environment (8.0_65-b17) (build 1.8.0_65-b17)
# Java VM: Java HotSpot(TM) 64-Bit Server VM (25.65-b01 mixed mode windows-amd64 compressed oops)
Heap:
 PSYoungGen      total 284160K, used 231164K [0x00000000d5c00000, 0x00000000eb600000, 0x0000000100000000)
  eden space 219136K, 77% used [0x00000000d5c00000,0x00000000e02e1428,0x00000000e3200000)
  from space 65024K, 92% used [0x00000000e3200000,0x00000000e6cddd40,0x00000000e7180000)
  to   space 59904K, 0% used [0x00000000e7180000,0x00000000e7180000,0x00000000eac00000)
 ParOldGen       total 141312K, used 101259K [0x0000000081400000, 0x0000000089e00000, 0x00000000d5c00000)
  object space 141312K, 71% used [0x0000000081400000,0x00000000876e2f20,0x0000000089e00000)
 Metaspace       used 11901K, capacity 12130K, committed 12416K, reserved 1060864K
  class space    used 1264K, capacity 1349K, committed 1408K, reserved 1048576K
GC Heap History (10 events):
Event: 107.064 GC heap before
{Heap before GC invocations=113 (full 9):
 PSYoungGen      total 284160K, used 280185K [0x00000000d5c00000, 0x00000000eb600000, 0x0000000100000000)
  eden space 219136K, 99% used [0x00000000d5c00000,0x00000000e31963f0,0x00000000e3200000)
  from space 65024K, 94% used [0x00000000e3200000,0x00000000e6e080b8,0x00000000e7180000)
  to   space 59904K, 0% used [0x00000000e7180000,0x00000000e7180000,0x00000000eac00000)
 ParOldGen       total 141312K, used 124481K [0x0000000081400000, 0x0000000089e00000, 0x00000000d5c00000)
  object space 141312K, 88% used [0x0000000081400000,0x0000000088d906a8,0x0000000089e00000)
 Metaspace       used 11890K, capacity 12130K, committed 12416K, reserved 1060864K
  class space    used 1264K, capacity 1349K, committed 1408K, reserved 1048576K
Event: 107.084 GC heap after
Heap after GC invocations=113 (full 9):
 PSYoungGen      total 279040K, used 59878K [0x00000000d5c00000, 0x00000000eb600000, 0x0000000100000000)
  eden space 219136K, 0% used [0x00000000d5c00000,0x00000000d5c00000,0x00000000e3200000)
  from space 59904K, 99% used [0x00000000e7180000,0x00000000eabf9a38,0x00000000eac00000)
  to   space 65024K, 0% used [0x00000000e3200000,0x00000000e3200000,0x00000000e7180000)
 ParOldGen       total 141312K, used 134596K [0x0000000081400000, 0x0000000089e00000, 0x00000000d5c00000)
  object space 141312K, 95% used [0x0000000081400000,0x0000000089771388,0x0000000089e00000)
 Metaspace       used 11890K, capacity 12130K, committed 12416K, reserved 1060864K
  class space    used 1264K, capacity 1349K, committed 1408K, reserved 1048576K
}
Event: 107.084 GC heap before
{Heap before GC invocations=114 (full 10):
 PSYoungGen      total 279040K, used 59878K [0x00000000d5c00000, 0x00000000eb600000, 0x0000000100000000)
  eden space 219136K, 0% used [0x00000000d5c00000,0x00000000d5c00000,0x00000000e3200000)
  from space 59904K, 99% used [0x00000000e7180000,0x00000000eabf9a38,0x00000000eac00000)
  to   space 65024K, 0% used [0x00000000e3200000,0x00000000e3200000,0x00000000e7180000)
 ParOldGen       total 141312K, used 134596K [0x0000000081400000, 0x0000000089e00000, 0x00000000d5c00000)
  object space 141312K, 95% used [0x0000000081400000,0x0000000089771388,0x0000000089e00000)
 Metaspace       used 11890K, capacity 12130K, committed 12416K, reserved 1060864K
  class space    used 1264K, capacity 1349K, committed 1408K, reserved 1048576K
Event: 107.130 GC heap after
Heap after GC invocations=114 (full 10):
 PSYoungGen      total 279040K, used 0K [0x00000000d5c00000, 0x00000000eb600000, 0x0000000100000000)
  eden space 219136K, 0% used [0x00000000d5c00000,0x00000000d5c00000,0x00000000e3200000)
  from space 59904K, 0% used [0x00000000e7180000,0x00000000e7180000,0x00000000eac00000)
  to   space 65024K, 0% used [0x00000000e3200000,0x00000000e3200000,0x00000000e7180000)
 ParOldGen       total 141312K, used 81719K [0x0000000081400000, 0x0000000089e00000, 0x00000000d5c00000)
  object space 141312K, 57% used [0x0000000081400000,0x00000000863cddf8,0x0000000089e00000)
 Metaspace       used 11890K, capacity 12130K, committed 12416K, reserved 1060864K
  class space    used 1264K, capacity 1349K, committed 1408K, reserved 1048576K
}
Event: 112.259 GC heap before
{Heap before GC invocations=115 (full 10):
 PSYoungGen      total 279040K, used 219136K [0x00000000d5c00000, 0x00000000eb600000, 0x0000000100000000)
  eden space 219136K, 100% used [0x00000000d5c00000,0x00000000e3200000,0x00000000e3200000)
  from space 59904K, 0% used [0x00000000e7180000,0x00000000e7180000,0x00000000eac00000)
  to   space 65024K, 0% used [0x00000000e3200000,0x00000000e3200000,0x00000000e7180000)
 ParOldGen       total 141312K, used 81719K [0x0000000081400000, 0x0000000089e00000, 0x00000000d5c00000)
  object space 141312K, 57% used [0x0000000081400000,0x00000000863cddf8,0x0000000089e00000)
 Metaspace       used 11901K, capacity 12130K, committed 12416K, reserved 1060864K
  class space    used 1264K, capacity 1349K, committed 1408K, reserved 1048576K
Event: 112.270 GC heap after
Heap after GC invocations=115 (full 10):
 PSYoungGen      total 284160K, used 65001K [0x00000000d5c00000, 0x00000000eb600000, 0x0000000100000000)
  eden space 219136K, 0% used [0x00000000d5c00000,0x00000000d5c00000,0x00000000e3200000)
  from space 65024K, 99% used [0x00000000e3200000,0x00000000e717a4b0,0x00000000e7180000)
  to   space 59904K, 0% used [0x00000000e7180000,0x00000000e7180000,0x00000000eac00000)
 ParOldGen       total 141312K, used 83304K [0x0000000081400000, 0x0000000089e00000, 0x00000000d5c00000)
  object space 141312K, 58% used [0x0000000081400000,0x000000008655a038,0x0000000089e00000)
 Metaspace       used 11901K, capacity 12130K, committed 12416K, reserved 1060864K
  class space    used 1264K, capacity 1349K, committed 1408K, reserved 1048576K
}
Event: 115.420 GC heap before
{Heap before GC invocations=116 (full 10):
 PSYoungGen      total 284160K, used 284137K [0x00000000d5c00000, 0x00000000eb600000, 0x0000000100000000)
  eden space 219136K, 100% used [0x00000000d5c00000,0x00000000e3200000,0x00000000e3200000)
  from space 65024K, 99% used [0x00000000e3200000,0x00000000e717a4b0,0x00000000e7180000)
  to   space 59904K, 0% used [0x00000000e7180000,0x00000000e7180000,0x00000000eac00000)
 ParOldGen       total 141312K, used 83304K [0x0000000081400000, 0x0000000089e00000, 0x00000000d5c00000)
  object space 141312K, 58% used [0x0000000081400000,0x000000008655a038,0x0000000089e00000)
 Metaspace       used 11901K, capacity 12130K, committed 12416K, reserved 1060864K
  class space    used 1264K, capacity 1349K, committed 1408K, reserved 1048576K
Event: 115.431 GC heap after
Heap after GC invocations=116 (full 10):
 PSYoungGen      total 279040K, used 56229K [0x00000000d5c00000, 0x00000000eb600000, 0x0000000100000000)
  eden space 219136K, 0% used [0x00000000d5c00000,0x00000000d5c00000,0x00000000e3200000)
  from space 59904K, 93% used [0x00000000e7180000,0x00000000ea869738,0x00000000eac00000)
  to   space 65024K, 0% used [0x00000000e3200000,0x00000000e3200000,0x00000000e7180000)
 ParOldGen       total 141312K, used 97948K [0x0000000081400000, 0x0000000089e00000, 0x00000000d5c00000)
  object space 141312K, 69% used [0x0000000081400000,0x00000000873a7100,0x0000000089e00000)
 Metaspace       used 11901K, capacity 12130K, committed 12416K, reserved 1060864K
  class space    used 1264K, capacity 1349K, committed 1408K, reserved 1048576K
}
Event: 118.525 GC heap before
{Heap before GC invocations=117 (full 10):
 PSYoungGen      total 279040K, used 275365K [0x00000000d5c00000, 0x00000000eb600000, 0x0000000100000000)
  eden space 219136K, 100% used [0x00000000d5c00000,0x00000000e3200000,0x00000000e3200000)
  from space 59904K, 93% used [0x00000000e7180000,0x00000000ea869738,0x00000000eac00000)
  to   space 65024K, 0% used [0x00000000e3200000,0x00000000e3200000,0x00000000e7180000)
 ParOldGen       total 141312K, used 97948K [0x0000000081400000, 0x0000000089e00000, 0x00000000d5c00000)
  object space 141312K, 69% used [0x0000000081400000,0x00000000873a7100,0x0000000089e00000)
 Metaspace       used 11901K, capacity 12130K, committed 12416K, reserved 1060864K
  class space    used 1264K, capacity 1349K, committed 1408K, reserved 1048576K
Event: 118.535 GC heap after
Heap after GC invocations=117 (full 10):
 PSYoungGen      total 284160K, used 60279K [0x00000000d5c00000, 0x00000000eb600000, 0x0000000100000000)
  eden space 219136K, 0% used [0x00000000d5c00000,0x00000000d5c00000,0x00000000e3200000)
  from space 65024K, 92% used [0x00000000e3200000,0x00000000e6cddd40,0x00000000e7180000)
  to   space 59904K, 0% used [0x00000000e7180000,0x00000000e7180000,0x00000000eac00000)
 ParOldGen       total 141312K, used 101259K [0x0000000081400000, 0x0000000089e00000, 0x00000000d5c00000)
  object space 141312K, 71% used [0x0000000081400000,0x00000000876e2f20,0x0000000089e00000)
 Metaspace       used 11901K, capacity 12130K, committed 12416K, reserved 1060864K
  class space    used 1264K, capacity 1349K, committed 1408K, reserved 1048576K
}

